2023-11-16 21:59:23,261 [Worker-1: Loading available Gradle versions] INFO  o.e.b.c.i.u.g.PublishedGradleVersions - Gradle version information cache is not available. Remote download required.
2023-11-19 20:00:37,617 [Worker-7: Loading available Gradle versions] INFO  o.e.b.c.i.u.g.PublishedGradleVersions - Gradle version information cache is out-of-date. Trying to update.
2023-11-20 18:49:24,746 [Worker-10: Loading available Gradle versions] INFO  o.e.b.c.i.u.g.PublishedGradleVersions - Gradle version information cache is up-to-date. Trying to read.
2023-11-21 19:05:47,074 [Worker-5: Loading available Gradle versions] INFO  o.e.b.c.i.u.g.PublishedGradleVersions - Gradle version information cache is out-of-date. Trying to update.
2023-11-22 20:46:23,352 [Worker-7: Loading available Gradle versions] INFO  o.e.b.c.i.u.g.PublishedGradleVersions - Gradle version information cache is out-of-date. Trying to update.
2023-11-27 15:20:32,075 [Worker-6: Loading available Gradle versions] INFO  o.e.b.c.i.u.g.PublishedGradleVersions - Gradle version information cache is out-of-date. Trying to update.
2023-11-27 17:29:03,580 [Worker-5: Loading available Gradle versions] INFO  o.e.b.c.i.u.g.PublishedGradleVersions - Gradle version information cache is up-to-date. Trying to read.
2023-11-27 23:26:15,399 [Worker-5: Loading available Gradle versions] INFO  o.e.b.c.i.u.g.PublishedGradleVersions - Gradle version information cache is up-to-date. Trying to read.
2023-11-28 20:56:33,987 [Worker-5: Loading available Gradle versions] INFO  o.e.b.c.i.u.g.PublishedGradleVersions - Gradle version information cache is out-of-date. Trying to update.
2023-11-28 23:09:47,092 [Worker-11: Loading available Gradle versions] INFO  o.e.b.c.i.u.g.PublishedGradleVersions - Gradle version information cache is up-to-date. Trying to read.
2023-11-29 20:27:23,644 [Worker-5: Loading available Gradle versions] INFO  o.e.b.c.i.u.g.PublishedGradleVersions - Gradle version information cache is up-to-date. Trying to read.
2023-11-29 23:39:27,335 [Worker-7: Loading available Gradle versions] INFO  o.e.b.c.i.u.g.PublishedGradleVersions - Gradle version information cache is out-of-date. Trying to update.
2023-12-01 20:17:01,180 [Worker-11: Loading available Gradle versions] INFO  o.e.b.c.i.u.g.PublishedGradleVersions - Gradle version information cache is out-of-date. Trying to update.
2023-12-01 23:11:32,052 [Worker-5: Loading available Gradle versions] INFO  o.e.b.c.i.u.g.PublishedGradleVersions - Gradle version information cache is up-to-date. Trying to read.
2023-12-02 18:55:38,536 [Worker-5: Loading available Gradle versions] INFO  o.e.b.c.i.u.g.PublishedGradleVersions - Gradle version information cache is up-to-date. Trying to read.
2023-12-02 19:51:02,357 [Worker-8: Loading available Gradle versions] INFO  o.e.b.c.i.u.g.PublishedGradleVersions - Gradle version information cache is up-to-date. Trying to read.
2023-12-02 20:48:46,016 [Worker-8: Loading available Gradle versions] INFO  o.e.b.c.i.u.g.PublishedGradleVersions - Gradle version information cache is out-of-date. Trying to update.
2023-12-03 17:05:12,560 [Worker-10: Loading available Gradle versions] INFO  o.e.b.c.i.u.g.PublishedGradleVersions - Gradle version information cache is up-to-date. Trying to read.
2023-12-03 17:13:42,665 [Worker-193: Loading available Gradle versions] INFO  o.e.b.c.i.u.g.PublishedGradleVersions - Gradle version information cache is up-to-date. Trying to read.
2023-12-05 19:37:51,370 [Worker-5: Loading available Gradle versions] INFO  o.e.b.c.i.u.g.PublishedGradleVersions - Gradle version information cache is out-of-date. Trying to update.
2023-12-05 23:03:03,580 [Worker-7: Loading available Gradle versions] INFO  o.e.b.c.i.u.g.PublishedGradleVersions - Gradle version information cache is up-to-date. Trying to read.
2023-12-05 23:41:25,910 [Worker-2: Loading available Gradle versions] INFO  o.e.b.c.i.u.g.PublishedGradleVersions - Gradle version information cache is up-to-date. Trying to read.
2023-12-06 00:52:39,729 [Worker-5: Loading available Gradle versions] INFO  o.e.b.c.i.u.g.PublishedGradleVersions - Gradle version information cache is up-to-date. Trying to read.
2023-12-06 19:41:09,473 [Worker-9: Loading available Gradle versions] INFO  o.e.b.c.i.u.g.PublishedGradleVersions - Gradle version information cache is out-of-date. Trying to update.
2023-12-06 23:39:19,784 [Worker-5: Loading available Gradle versions] INFO  o.e.b.c.i.u.g.PublishedGradleVersions - Gradle version information cache is up-to-date. Trying to read.
2023-12-07 18:53:25,194 [Worker-10: Loading available Gradle versions] INFO  o.e.b.c.i.u.g.PublishedGradleVersions - Gradle version information cache is up-to-date. Trying to read.
2023-12-08 21:45:48,042 [Worker-9: Loading available Gradle versions] INFO  o.e.b.c.i.u.g.PublishedGradleVersions - Gradle version information cache is out-of-date. Trying to update.
2023-12-09 16:45:07,886 [Worker-10: Loading available Gradle versions] INFO  o.e.b.c.i.u.g.PublishedGradleVersions - Gradle version information cache is up-to-date. Trying to read.
2023-12-10 14:24:36,861 [Worker-10: Loading available Gradle versions] INFO  o.e.b.c.i.u.g.PublishedGradleVersions - Gradle version information cache is out-of-date. Trying to update.
2023-12-10 15:46:24,444 [Worker-5: Loading available Gradle versions] INFO  o.e.b.c.i.u.g.PublishedGradleVersions - Gradle version information cache is up-to-date. Trying to read.
2023-12-10 18:03:11,913 [Worker-5: Loading available Gradle versions] INFO  o.e.b.c.i.u.g.PublishedGradleVersions - Gradle version information cache is up-to-date. Trying to read.
2023-12-10 21:21:38,472 [Worker-9: Loading available Gradle versions] INFO  o.e.b.c.i.u.g.PublishedGradleVersions - Gradle version information cache is up-to-date. Trying to read.
2023-12-13 22:15:54,429 [Worker-13: Loading available Gradle versions] INFO  o.e.b.c.i.u.g.PublishedGradleVersions - Gradle version information cache is out-of-date. Trying to update.
2023-12-14 21:08:45,533 [Worker-10: Loading available Gradle versions] INFO  o.e.b.c.i.u.g.PublishedGradleVersions - Gradle version information cache is up-to-date. Trying to read.
2023-12-15 18:51:08,161 [Worker-10: Loading available Gradle versions] INFO  o.e.b.c.i.u.g.PublishedGradleVersions - Gradle version information cache is out-of-date. Trying to update.
2023-12-18 18:45:52,282 [Worker-5: Loading available Gradle versions] INFO  o.e.b.c.i.u.g.PublishedGradleVersions - Gradle version information cache is out-of-date. Trying to update.
2023-12-26 14:23:43,380 [Worker-10: Loading available Gradle versions] INFO  o.e.b.c.i.u.g.PublishedGradleVersions - Gradle version information cache is out-of-date. Trying to update.
2023-12-26 18:47:30,331 [main] ERROR o.e.m.j.i.l.MavenLaunchConfigurationListener - Launch configuration Main (103) references non-existing project matriz1.
org.eclipse.core.runtime.CoreException: Launch configuration Main (103) references non-existing project matriz1.
	at org.eclipse.jdt.launching.JavaRuntime.abort(JavaRuntime.java:1858)
	at org.eclipse.jdt.launching.JavaRuntime.getJavaProject(JavaRuntime.java:1735)
	at org.eclipse.m2e.jdt.internal.launch.MavenLaunchConfigurationListener.updateLaunchConfiguration(MavenLaunchConfigurationListener.java:64)
	at org.eclipse.m2e.jdt.internal.launch.MavenLaunchConfigurationListener.launchConfigurationChanged(MavenLaunchConfigurationListener.java:50)
	at org.eclipse.debug.internal.core.LaunchManager$ConfigurationNotifier.run(LaunchManager.java:223)
	at org.eclipse.core.runtime.SafeRunner.run(SafeRunner.java:45)
	at org.eclipse.debug.internal.core.LaunchManager$ConfigurationNotifier.notify(LaunchManager.java:207)
	at org.eclipse.debug.internal.core.LaunchConfigurationWorkingCopy.setDirty(LaunchConfigurationWorkingCopy.java:527)
	at org.eclipse.debug.internal.core.LaunchConfigurationWorkingCopy.setAttribute(LaunchConfigurationWorkingCopy.java:415)
	at org.eclipse.jdt.internal.debug.core.refactoring.LaunchConfigurationProjectMainTypeChange.perform(LaunchConfigurationProjectMainTypeChange.java:153)
	at org.eclipse.ltk.core.refactoring.CompositeChange.perform(CompositeChange.java:281)
	at org.eclipse.ltk.internal.core.refactoring.UndoableOperation2ChangeAdapter.lambda$0(UndoableOperation2ChangeAdapter.java:332)
	at org.eclipse.core.internal.resources.Workspace.run(Workspace.java:2453)
	at org.eclipse.core.internal.resources.Workspace.run(Workspace.java:2478)
	at org.eclipse.ltk.internal.core.refactoring.UndoableOperation2ChangeAdapter.executeChange(UndoableOperation2ChangeAdapter.java:354)
	at org.eclipse.ltk.internal.core.refactoring.UndoableOperation2ChangeAdapter.undo(UndoableOperation2ChangeAdapter.java:199)
	at org.eclipse.core.commands.operations.TriggeredOperations.undo(TriggeredOperations.java:214)
	at org.eclipse.core.commands.operations.DefaultOperationHistory.doUndo(DefaultOperationHistory.java:407)
	at org.eclipse.core.commands.operations.DefaultOperationHistory.undo(DefaultOperationHistory.java:1149)
	at org.eclipse.ui.operations.UndoActionHandler.runCommand(UndoActionHandler.java:86)
	at org.eclipse.ui.operations.OperationHistoryActionHandler.lambda$0(OperationHistoryActionHandler.java:294)
	at org.eclipse.jface.operation.ModalContext.runInCurrentThread(ModalContext.java:434)
	at org.eclipse.jface.operation.ModalContext.run(ModalContext.java:352)
	at org.eclipse.jface.dialogs.ProgressMonitorDialog.run(ProgressMonitorDialog.java:470)
	at org.eclipse.ui.internal.operations.TimeTriggeredProgressMonitorDialog.access$1(TimeTriggeredProgressMonitorDialog.java:1)
	at org.eclipse.ui.internal.operations.TimeTriggeredProgressMonitorDialog.lambda$0(TimeTriggeredProgressMonitorDialog.java:155)
	at org.eclipse.swt.custom.BusyIndicator.showWhile(BusyIndicator.java:67)
	at org.eclipse.ui.internal.operations.TimeTriggeredProgressMonitorDialog.run(TimeTriggeredProgressMonitorDialog.java:167)
	at org.eclipse.ui.operations.OperationHistoryActionHandler.run(OperationHistoryActionHandler.java:333)
	at org.eclipse.jface.action.Action.runWithEvent(Action.java:474)
	at org.eclipse.jface.commands.ActionHandler.execute(ActionHandler.java:121)
	at org.eclipse.ui.internal.handlers.E4HandlerProxy.execute(E4HandlerProxy.java:97)
	at jdk.internal.reflect.GeneratedMethodAccessor60.invoke(Unknown Source)
	at java.base/jdk.internal.reflect.DelegatingMethodAccessorImpl.invoke(DelegatingMethodAccessorImpl.java:43)
	at java.base/java.lang.reflect.Method.invoke(Method.java:568)
	at org.eclipse.e4.core.internal.di.MethodRequestor.execute(MethodRequestor.java:58)
	at org.eclipse.e4.core.internal.di.InjectorImpl.invokeUsingClass(InjectorImpl.java:300)
	at org.eclipse.e4.core.internal.di.InjectorImpl.invoke(InjectorImpl.java:234)
	at org.eclipse.e4.core.contexts.ContextInjectionFactory.invoke(ContextInjectionFactory.java:173)
	at org.eclipse.e4.core.commands.internal.HandlerServiceHandler.execute(HandlerServiceHandler.java:156)
	at org.eclipse.core.commands.Command.executeWithChecks(Command.java:488)
	at org.eclipse.core.commands.ParameterizedCommand.executeWithChecks(ParameterizedCommand.java:485)
	at org.eclipse.e4.core.commands.internal.HandlerServiceImpl.executeHandler(HandlerServiceImpl.java:213)
	at org.eclipse.ui.internal.handlers.LegacyHandlerService.executeCommand(LegacyHandlerService.java:389)
	at org.eclipse.ui.menus.CommandContributionItem.handleWidgetSelection(CommandContributionItem.java:785)
	at org.eclipse.ui.menus.CommandContributionItem.lambda$3(CommandContributionItem.java:762)
	at org.eclipse.swt.widgets.EventTable.sendEvent(EventTable.java:89)
	at org.eclipse.swt.widgets.Display.sendEvent(Display.java:4274)
	at org.eclipse.swt.widgets.Widget.sendEvent(Widget.java:1066)
	at org.eclipse.swt.widgets.Display.runDeferredEvents(Display.java:4072)
	at org.eclipse.swt.widgets.Display.readAndDispatch(Display.java:3660)
	at org.eclipse.e4.ui.internal.workbench.swt.PartRenderingEngine$5.run(PartRenderingEngine.java:1155)
	at org.eclipse.core.databinding.observable.Realm.runWithDefault(Realm.java:342)
	at org.eclipse.e4.ui.internal.workbench.swt.PartRenderingEngine.run(PartRenderingEngine.java:1046)
	at org.eclipse.e4.ui.internal.workbench.E4Workbench.createAndRunUI(E4Workbench.java:155)
	at org.eclipse.ui.internal.Workbench.lambda$3(Workbench.java:645)
	at org.eclipse.core.databinding.observable.Realm.runWithDefault(Realm.java:342)
	at org.eclipse.ui.internal.Workbench.createAndRunWorkbench(Workbench.java:552)
	at org.eclipse.ui.PlatformUI.createAndRunWorkbench(PlatformUI.java:171)
	at org.eclipse.ui.internal.ide.application.IDEApplication.start(IDEApplication.java:152)
	at org.eclipse.equinox.internal.app.EclipseAppHandle.run(EclipseAppHandle.java:203)
	at org.eclipse.core.runtime.internal.adaptor.EclipseAppLauncher.runApplication(EclipseAppLauncher.java:136)
	at org.eclipse.core.runtime.internal.adaptor.EclipseAppLauncher.start(EclipseAppLauncher.java:104)
	at org.eclipse.core.runtime.adaptor.EclipseStarter.run(EclipseStarter.java:402)
	at org.eclipse.core.runtime.adaptor.EclipseStarter.run(EclipseStarter.java:255)
	at java.base/jdk.internal.reflect.NativeMethodAccessorImpl.invoke0(Native Method)
	at java.base/jdk.internal.reflect.NativeMethodAccessorImpl.invoke(NativeMethodAccessorImpl.java:77)
	at java.base/jdk.internal.reflect.DelegatingMethodAccessorImpl.invoke(DelegatingMethodAccessorImpl.java:43)
	at java.base/java.lang.reflect.Method.invoke(Method.java:568)
	at org.eclipse.equinox.launcher.Main.invokeFramework(Main.java:651)
	at org.eclipse.equinox.launcher.Main.basicRun(Main.java:588)
	at org.eclipse.equinox.launcher.Main.run(Main.java:1459)
2023-12-26 18:47:30,336 [main] ERROR o.e.m.j.i.l.MavenLaunchConfigurationListener - Launch configuration Main (103) references non-existing project matriz1.
org.eclipse.core.runtime.CoreException: Launch configuration Main (103) references non-existing project matriz1.
	at org.eclipse.jdt.launching.JavaRuntime.abort(JavaRuntime.java:1858)
	at org.eclipse.jdt.launching.JavaRuntime.getJavaProject(JavaRuntime.java:1735)
	at org.eclipse.m2e.jdt.internal.launch.MavenLaunchConfigurationListener.updateLaunchConfiguration(MavenLaunchConfigurationListener.java:64)
	at org.eclipse.m2e.jdt.internal.launch.MavenLaunchConfigurationListener.launchConfigurationChanged(MavenLaunchConfigurationListener.java:50)
	at org.eclipse.debug.internal.core.LaunchManager$ConfigurationNotifier.run(LaunchManager.java:223)
	at org.eclipse.core.runtime.SafeRunner.run(SafeRunner.java:45)
	at org.eclipse.debug.internal.core.LaunchManager$ConfigurationNotifier.notify(LaunchManager.java:207)
	at org.eclipse.debug.internal.core.LaunchConfigurationWorkingCopy.setDirty(LaunchConfigurationWorkingCopy.java:527)
	at org.eclipse.debug.internal.core.LaunchConfigurationWorkingCopy.setAttribute(LaunchConfigurationWorkingCopy.java:427)
	at org.eclipse.debug.internal.core.LaunchConfigurationWorkingCopy.setMappedResources(LaunchConfigurationWorkingCopy.java:682)
	at org.eclipse.jdt.internal.launching.JavaMigrationDelegate.updateResourceMapping(JavaMigrationDelegate.java:155)
	at org.eclipse.jdt.internal.debug.core.refactoring.LaunchConfigurationProjectMainTypeChange.perform(LaunchConfigurationProjectMainTypeChange.java:162)
	at org.eclipse.ltk.core.refactoring.CompositeChange.perform(CompositeChange.java:281)
	at org.eclipse.ltk.internal.core.refactoring.UndoableOperation2ChangeAdapter.lambda$0(UndoableOperation2ChangeAdapter.java:332)
	at org.eclipse.core.internal.resources.Workspace.run(Workspace.java:2453)
	at org.eclipse.core.internal.resources.Workspace.run(Workspace.java:2478)
	at org.eclipse.ltk.internal.core.refactoring.UndoableOperation2ChangeAdapter.executeChange(UndoableOperation2ChangeAdapter.java:354)
	at org.eclipse.ltk.internal.core.refactoring.UndoableOperation2ChangeAdapter.undo(UndoableOperation2ChangeAdapter.java:199)
	at org.eclipse.core.commands.operations.TriggeredOperations.undo(TriggeredOperations.java:214)
	at org.eclipse.core.commands.operations.DefaultOperationHistory.doUndo(DefaultOperationHistory.java:407)
	at org.eclipse.core.commands.operations.DefaultOperationHistory.undo(DefaultOperationHistory.java:1149)
	at org.eclipse.ui.operations.UndoActionHandler.runCommand(UndoActionHandler.java:86)
	at org.eclipse.ui.operations.OperationHistoryActionHandler.lambda$0(OperationHistoryActionHandler.java:294)
	at org.eclipse.jface.operation.ModalContext.runInCurrentThread(ModalContext.java:434)
	at org.eclipse.jface.operation.ModalContext.run(ModalContext.java:352)
	at org.eclipse.jface.dialogs.ProgressMonitorDialog.run(ProgressMonitorDialog.java:470)
	at org.eclipse.ui.internal.operations.TimeTriggeredProgressMonitorDialog.access$1(TimeTriggeredProgressMonitorDialog.java:1)
	at org.eclipse.ui.internal.operations.TimeTriggeredProgressMonitorDialog.lambda$0(TimeTriggeredProgressMonitorDialog.java:155)
	at org.eclipse.swt.custom.BusyIndicator.showWhile(BusyIndicator.java:67)
	at org.eclipse.ui.internal.operations.TimeTriggeredProgressMonitorDialog.run(TimeTriggeredProgressMonitorDialog.java:167)
	at org.eclipse.ui.operations.OperationHistoryActionHandler.run(OperationHistoryActionHandler.java:333)
	at org.eclipse.jface.action.Action.runWithEvent(Action.java:474)
	at org.eclipse.jface.commands.ActionHandler.execute(ActionHandler.java:121)
	at org.eclipse.ui.internal.handlers.E4HandlerProxy.execute(E4HandlerProxy.java:97)
	at jdk.internal.reflect.GeneratedMethodAccessor60.invoke(Unknown Source)
	at java.base/jdk.internal.reflect.DelegatingMethodAccessorImpl.invoke(DelegatingMethodAccessorImpl.java:43)
	at java.base/java.lang.reflect.Method.invoke(Method.java:568)
	at org.eclipse.e4.core.internal.di.MethodRequestor.execute(MethodRequestor.java:58)
	at org.eclipse.e4.core.internal.di.InjectorImpl.invokeUsingClass(InjectorImpl.java:300)
	at org.eclipse.e4.core.internal.di.InjectorImpl.invoke(InjectorImpl.java:234)
	at org.eclipse.e4.core.contexts.ContextInjectionFactory.invoke(ContextInjectionFactory.java:173)
	at org.eclipse.e4.core.commands.internal.HandlerServiceHandler.execute(HandlerServiceHandler.java:156)
	at org.eclipse.core.commands.Command.executeWithChecks(Command.java:488)
	at org.eclipse.core.commands.ParameterizedCommand.executeWithChecks(ParameterizedCommand.java:485)
	at org.eclipse.e4.core.commands.internal.HandlerServiceImpl.executeHandler(HandlerServiceImpl.java:213)
	at org.eclipse.ui.internal.handlers.LegacyHandlerService.executeCommand(LegacyHandlerService.java:389)
	at org.eclipse.ui.menus.CommandContributionItem.handleWidgetSelection(CommandContributionItem.java:785)
	at org.eclipse.ui.menus.CommandContributionItem.lambda$3(CommandContributionItem.java:762)
	at org.eclipse.swt.widgets.EventTable.sendEvent(EventTable.java:89)
	at org.eclipse.swt.widgets.Display.sendEvent(Display.java:4274)
	at org.eclipse.swt.widgets.Widget.sendEvent(Widget.java:1066)
	at org.eclipse.swt.widgets.Display.runDeferredEvents(Display.java:4072)
	at org.eclipse.swt.widgets.Display.readAndDispatch(Display.java:3660)
	at org.eclipse.e4.ui.internal.workbench.swt.PartRenderingEngine$5.run(PartRenderingEngine.java:1155)
	at org.eclipse.core.databinding.observable.Realm.runWithDefault(Realm.java:342)
	at org.eclipse.e4.ui.internal.workbench.swt.PartRenderingEngine.run(PartRenderingEngine.java:1046)
	at org.eclipse.e4.ui.internal.workbench.E4Workbench.createAndRunUI(E4Workbench.java:155)
	at org.eclipse.ui.internal.Workbench.lambda$3(Workbench.java:645)
	at org.eclipse.core.databinding.observable.Realm.runWithDefault(Realm.java:342)
	at org.eclipse.ui.internal.Workbench.createAndRunWorkbench(Workbench.java:552)
	at org.eclipse.ui.PlatformUI.createAndRunWorkbench(PlatformUI.java:171)
	at org.eclipse.ui.internal.ide.application.IDEApplication.start(IDEApplication.java:152)
	at org.eclipse.equinox.internal.app.EclipseAppHandle.run(EclipseAppHandle.java:203)
	at org.eclipse.core.runtime.internal.adaptor.EclipseAppLauncher.runApplication(EclipseAppLauncher.java:136)
	at org.eclipse.core.runtime.internal.adaptor.EclipseAppLauncher.start(EclipseAppLauncher.java:104)
	at org.eclipse.core.runtime.adaptor.EclipseStarter.run(EclipseStarter.java:402)
	at org.eclipse.core.runtime.adaptor.EclipseStarter.run(EclipseStarter.java:255)
	at java.base/jdk.internal.reflect.NativeMethodAccessorImpl.invoke0(Native Method)
	at java.base/jdk.internal.reflect.NativeMethodAccessorImpl.invoke(NativeMethodAccessorImpl.java:77)
	at java.base/jdk.internal.reflect.DelegatingMethodAccessorImpl.invoke(DelegatingMethodAccessorImpl.java:43)
	at java.base/java.lang.reflect.Method.invoke(Method.java:568)
	at org.eclipse.equinox.launcher.Main.invokeFramework(Main.java:651)
	at org.eclipse.equinox.launcher.Main.basicRun(Main.java:588)
	at org.eclipse.equinox.launcher.Main.run(Main.java:1459)
2023-12-26 18:47:30,337 [main] ERROR o.e.m.j.i.l.MavenLaunchConfigurationListener - Launch configuration Main (103) references non-existing project matriz1.
org.eclipse.core.runtime.CoreException: Launch configuration Main (103) references non-existing project matriz1.
	at org.eclipse.jdt.launching.JavaRuntime.abort(JavaRuntime.java:1858)
	at org.eclipse.jdt.launching.JavaRuntime.getJavaProject(JavaRuntime.java:1735)
	at org.eclipse.m2e.jdt.internal.launch.MavenLaunchConfigurationListener.updateLaunchConfiguration(MavenLaunchConfigurationListener.java:64)
	at org.eclipse.m2e.jdt.internal.launch.MavenLaunchConfigurationListener.launchConfigurationChanged(MavenLaunchConfigurationListener.java:50)
	at org.eclipse.debug.internal.core.LaunchManager$ConfigurationNotifier.run(LaunchManager.java:223)
	at org.eclipse.core.runtime.SafeRunner.run(SafeRunner.java:45)
	at org.eclipse.debug.internal.core.LaunchManager$ConfigurationNotifier.notify(LaunchManager.java:207)
	at org.eclipse.debug.internal.core.LaunchConfigurationWorkingCopy.setDirty(LaunchConfigurationWorkingCopy.java:527)
	at org.eclipse.debug.internal.core.LaunchConfigurationWorkingCopy.setAttribute(LaunchConfigurationWorkingCopy.java:427)
	at org.eclipse.debug.internal.core.LaunchConfigurationWorkingCopy.setMappedResources(LaunchConfigurationWorkingCopy.java:683)
	at org.eclipse.jdt.internal.launching.JavaMigrationDelegate.updateResourceMapping(JavaMigrationDelegate.java:155)
	at org.eclipse.jdt.internal.debug.core.refactoring.LaunchConfigurationProjectMainTypeChange.perform(LaunchConfigurationProjectMainTypeChange.java:162)
	at org.eclipse.ltk.core.refactoring.CompositeChange.perform(CompositeChange.java:281)
	at org.eclipse.ltk.internal.core.refactoring.UndoableOperation2ChangeAdapter.lambda$0(UndoableOperation2ChangeAdapter.java:332)
	at org.eclipse.core.internal.resources.Workspace.run(Workspace.java:2453)
	at org.eclipse.core.internal.resources.Workspace.run(Workspace.java:2478)
	at org.eclipse.ltk.internal.core.refactoring.UndoableOperation2ChangeAdapter.executeChange(UndoableOperation2ChangeAdapter.java:354)
	at org.eclipse.ltk.internal.core.refactoring.UndoableOperation2ChangeAdapter.undo(UndoableOperation2ChangeAdapter.java:199)
	at org.eclipse.core.commands.operations.TriggeredOperations.undo(TriggeredOperations.java:214)
	at org.eclipse.core.commands.operations.DefaultOperationHistory.doUndo(DefaultOperationHistory.java:407)
	at org.eclipse.core.commands.operations.DefaultOperationHistory.undo(DefaultOperationHistory.java:1149)
	at org.eclipse.ui.operations.UndoActionHandler.runCommand(UndoActionHandler.java:86)
	at org.eclipse.ui.operations.OperationHistoryActionHandler.lambda$0(OperationHistoryActionHandler.java:294)
	at org.eclipse.jface.operation.ModalContext.runInCurrentThread(ModalContext.java:434)
	at org.eclipse.jface.operation.ModalContext.run(ModalContext.java:352)
	at org.eclipse.jface.dialogs.ProgressMonitorDialog.run(ProgressMonitorDialog.java:470)
	at org.eclipse.ui.internal.operations.TimeTriggeredProgressMonitorDialog.access$1(TimeTriggeredProgressMonitorDialog.java:1)
	at org.eclipse.ui.internal.operations.TimeTriggeredProgressMonitorDialog.lambda$0(TimeTriggeredProgressMonitorDialog.java:155)
	at org.eclipse.swt.custom.BusyIndicator.showWhile(BusyIndicator.java:67)
	at org.eclipse.ui.internal.operations.TimeTriggeredProgressMonitorDialog.run(TimeTriggeredProgressMonitorDialog.java:167)
	at org.eclipse.ui.operations.OperationHistoryActionHandler.run(OperationHistoryActionHandler.java:333)
	at org.eclipse.jface.action.Action.runWithEvent(Action.java:474)
	at org.eclipse.jface.commands.ActionHandler.execute(ActionHandler.java:121)
	at org.eclipse.ui.internal.handlers.E4HandlerProxy.execute(E4HandlerProxy.java:97)
	at jdk.internal.reflect.GeneratedMethodAccessor60.invoke(Unknown Source)
	at java.base/jdk.internal.reflect.DelegatingMethodAccessorImpl.invoke(DelegatingMethodAccessorImpl.java:43)
	at java.base/java.lang.reflect.Method.invoke(Method.java:568)
	at org.eclipse.e4.core.internal.di.MethodRequestor.execute(MethodRequestor.java:58)
	at org.eclipse.e4.core.internal.di.InjectorImpl.invokeUsingClass(InjectorImpl.java:300)
	at org.eclipse.e4.core.internal.di.InjectorImpl.invoke(InjectorImpl.java:234)
	at org.eclipse.e4.core.contexts.ContextInjectionFactory.invoke(ContextInjectionFactory.java:173)
	at org.eclipse.e4.core.commands.internal.HandlerServiceHandler.execute(HandlerServiceHandler.java:156)
	at org.eclipse.core.commands.Command.executeWithChecks(Command.java:488)
	at org.eclipse.core.commands.ParameterizedCommand.executeWithChecks(ParameterizedCommand.java:485)
	at org.eclipse.e4.core.commands.internal.HandlerServiceImpl.executeHandler(HandlerServiceImpl.java:213)
	at org.eclipse.ui.internal.handlers.LegacyHandlerService.executeCommand(LegacyHandlerService.java:389)
	at org.eclipse.ui.menus.CommandContributionItem.handleWidgetSelection(CommandContributionItem.java:785)
	at org.eclipse.ui.menus.CommandContributionItem.lambda$3(CommandContributionItem.java:762)
	at org.eclipse.swt.widgets.EventTable.sendEvent(EventTable.java:89)
	at org.eclipse.swt.widgets.Display.sendEvent(Display.java:4274)
	at org.eclipse.swt.widgets.Widget.sendEvent(Widget.java:1066)
	at org.eclipse.swt.widgets.Display.runDeferredEvents(Display.java:4072)
	at org.eclipse.swt.widgets.Display.readAndDispatch(Display.java:3660)
	at org.eclipse.e4.ui.internal.workbench.swt.PartRenderingEngine$5.run(PartRenderingEngine.java:1155)
	at org.eclipse.core.databinding.observable.Realm.runWithDefault(Realm.java:342)
	at org.eclipse.e4.ui.internal.workbench.swt.PartRenderingEngine.run(PartRenderingEngine.java:1046)
	at org.eclipse.e4.ui.internal.workbench.E4Workbench.createAndRunUI(E4Workbench.java:155)
	at org.eclipse.ui.internal.Workbench.lambda$3(Workbench.java:645)
	at org.eclipse.core.databinding.observable.Realm.runWithDefault(Realm.java:342)
	at org.eclipse.ui.internal.Workbench.createAndRunWorkbench(Workbench.java:552)
	at org.eclipse.ui.PlatformUI.createAndRunWorkbench(PlatformUI.java:171)
	at org.eclipse.ui.internal.ide.application.IDEApplication.start(IDEApplication.java:152)
	at org.eclipse.equinox.internal.app.EclipseAppHandle.run(EclipseAppHandle.java:203)
	at org.eclipse.core.runtime.internal.adaptor.EclipseAppLauncher.runApplication(EclipseAppLauncher.java:136)
	at org.eclipse.core.runtime.internal.adaptor.EclipseAppLauncher.start(EclipseAppLauncher.java:104)
	at org.eclipse.core.runtime.adaptor.EclipseStarter.run(EclipseStarter.java:402)
	at org.eclipse.core.runtime.adaptor.EclipseStarter.run(EclipseStarter.java:255)
	at java.base/jdk.internal.reflect.NativeMethodAccessorImpl.invoke0(Native Method)
	at java.base/jdk.internal.reflect.NativeMethodAccessorImpl.invoke(NativeMethodAccessorImpl.java:77)
	at java.base/jdk.internal.reflect.DelegatingMethodAccessorImpl.invoke(DelegatingMethodAccessorImpl.java:43)
	at java.base/java.lang.reflect.Method.invoke(Method.java:568)
	at org.eclipse.equinox.launcher.Main.invokeFramework(Main.java:651)
	at org.eclipse.equinox.launcher.Main.basicRun(Main.java:588)
	at org.eclipse.equinox.launcher.Main.run(Main.java:1459)
2023-12-26 18:47:30,341 [main] ERROR o.e.m.j.i.l.MavenLaunchConfigurationListener - Launch configuration Main (103) references non-existing project matriz1.
org.eclipse.core.runtime.CoreException: Launch configuration Main (103) references non-existing project matriz1.
	at org.eclipse.jdt.launching.JavaRuntime.abort(JavaRuntime.java:1858)
	at org.eclipse.jdt.launching.JavaRuntime.getJavaProject(JavaRuntime.java:1735)
	at org.eclipse.m2e.jdt.internal.launch.MavenLaunchConfigurationListener.updateLaunchConfiguration(MavenLaunchConfigurationListener.java:64)
	at org.eclipse.m2e.jdt.internal.launch.MavenLaunchConfigurationListener.launchConfigurationChanged(MavenLaunchConfigurationListener.java:50)
	at org.eclipse.debug.internal.core.LaunchManager$ConfigurationNotifier.run(LaunchManager.java:223)
	at org.eclipse.core.runtime.SafeRunner.run(SafeRunner.java:45)
	at org.eclipse.debug.internal.core.LaunchManager$ConfigurationNotifier.notify(LaunchManager.java:207)
	at org.eclipse.debug.internal.core.LaunchManager.launchConfigurationChanged(LaunchManager.java:2137)
	at org.eclipse.debug.internal.core.LaunchConfigurationWorkingCopy.writeNewFile(LaunchConfigurationWorkingCopy.java:380)
	at org.eclipse.debug.internal.core.LaunchConfigurationWorkingCopy.doSave0(LaunchConfigurationWorkingCopy.java:259)
	at org.eclipse.debug.internal.core.LaunchConfigurationWorkingCopy.doSave(LaunchConfigurationWorkingCopy.java:229)
	at org.eclipse.debug.internal.core.LaunchConfigurationWorkingCopy.doSave(LaunchConfigurationWorkingCopy.java:187)
	at org.eclipse.jdt.internal.debug.core.refactoring.LaunchConfigurationProjectMainTypeChange.perform(LaunchConfigurationProjectMainTypeChange.java:164)
	at org.eclipse.ltk.core.refactoring.CompositeChange.perform(CompositeChange.java:281)
	at org.eclipse.ltk.internal.core.refactoring.UndoableOperation2ChangeAdapter.lambda$0(UndoableOperation2ChangeAdapter.java:332)
	at org.eclipse.core.internal.resources.Workspace.run(Workspace.java:2453)
	at org.eclipse.core.internal.resources.Workspace.run(Workspace.java:2478)
	at org.eclipse.ltk.internal.core.refactoring.UndoableOperation2ChangeAdapter.executeChange(UndoableOperation2ChangeAdapter.java:354)
	at org.eclipse.ltk.internal.core.refactoring.UndoableOperation2ChangeAdapter.undo(UndoableOperation2ChangeAdapter.java:199)
	at org.eclipse.core.commands.operations.TriggeredOperations.undo(TriggeredOperations.java:214)
	at org.eclipse.core.commands.operations.DefaultOperationHistory.doUndo(DefaultOperationHistory.java:407)
	at org.eclipse.core.commands.operations.DefaultOperationHistory.undo(DefaultOperationHistory.java:1149)
	at org.eclipse.ui.operations.UndoActionHandler.runCommand(UndoActionHandler.java:86)
	at org.eclipse.ui.operations.OperationHistoryActionHandler.lambda$0(OperationHistoryActionHandler.java:294)
	at org.eclipse.jface.operation.ModalContext.runInCurrentThread(ModalContext.java:434)
	at org.eclipse.jface.operation.ModalContext.run(ModalContext.java:352)
	at org.eclipse.jface.dialogs.ProgressMonitorDialog.run(ProgressMonitorDialog.java:470)
	at org.eclipse.ui.internal.operations.TimeTriggeredProgressMonitorDialog.access$1(TimeTriggeredProgressMonitorDialog.java:1)
	at org.eclipse.ui.internal.operations.TimeTriggeredProgressMonitorDialog.lambda$0(TimeTriggeredProgressMonitorDialog.java:155)
	at org.eclipse.swt.custom.BusyIndicator.showWhile(BusyIndicator.java:67)
	at org.eclipse.ui.internal.operations.TimeTriggeredProgressMonitorDialog.run(TimeTriggeredProgressMonitorDialog.java:167)
	at org.eclipse.ui.operations.OperationHistoryActionHandler.run(OperationHistoryActionHandler.java:333)
	at org.eclipse.jface.action.Action.runWithEvent(Action.java:474)
	at org.eclipse.jface.commands.ActionHandler.execute(ActionHandler.java:121)
	at org.eclipse.ui.internal.handlers.E4HandlerProxy.execute(E4HandlerProxy.java:97)
	at jdk.internal.reflect.GeneratedMethodAccessor60.invoke(Unknown Source)
	at java.base/jdk.internal.reflect.DelegatingMethodAccessorImpl.invoke(DelegatingMethodAccessorImpl.java:43)
	at java.base/java.lang.reflect.Method.invoke(Method.java:568)
	at org.eclipse.e4.core.internal.di.MethodRequestor.execute(MethodRequestor.java:58)
	at org.eclipse.e4.core.internal.di.InjectorImpl.invokeUsingClass(InjectorImpl.java:300)
	at org.eclipse.e4.core.internal.di.InjectorImpl.invoke(InjectorImpl.java:234)
	at org.eclipse.e4.core.contexts.ContextInjectionFactory.invoke(ContextInjectionFactory.java:173)
	at org.eclipse.e4.core.commands.internal.HandlerServiceHandler.execute(HandlerServiceHandler.java:156)
	at org.eclipse.core.commands.Command.executeWithChecks(Command.java:488)
	at org.eclipse.core.commands.ParameterizedCommand.executeWithChecks(ParameterizedCommand.java:485)
	at org.eclipse.e4.core.commands.internal.HandlerServiceImpl.executeHandler(HandlerServiceImpl.java:213)
	at org.eclipse.ui.internal.handlers.LegacyHandlerService.executeCommand(LegacyHandlerService.java:389)
	at org.eclipse.ui.menus.CommandContributionItem.handleWidgetSelection(CommandContributionItem.java:785)
	at org.eclipse.ui.menus.CommandContributionItem.lambda$3(CommandContributionItem.java:762)
	at org.eclipse.swt.widgets.EventTable.sendEvent(EventTable.java:89)
	at org.eclipse.swt.widgets.Display.sendEvent(Display.java:4274)
	at org.eclipse.swt.widgets.Widget.sendEvent(Widget.java:1066)
	at org.eclipse.swt.widgets.Display.runDeferredEvents(Display.java:4072)
	at org.eclipse.swt.widgets.Display.readAndDispatch(Display.java:3660)
	at org.eclipse.e4.ui.internal.workbench.swt.PartRenderingEngine$5.run(PartRenderingEngine.java:1155)
	at org.eclipse.core.databinding.observable.Realm.runWithDefault(Realm.java:342)
	at org.eclipse.e4.ui.internal.workbench.swt.PartRenderingEngine.run(PartRenderingEngine.java:1046)
	at org.eclipse.e4.ui.internal.workbench.E4Workbench.createAndRunUI(E4Workbench.java:155)
	at org.eclipse.ui.internal.Workbench.lambda$3(Workbench.java:645)
	at org.eclipse.core.databinding.observable.Realm.runWithDefault(Realm.java:342)
	at org.eclipse.ui.internal.Workbench.createAndRunWorkbench(Workbench.java:552)
	at org.eclipse.ui.PlatformUI.createAndRunWorkbench(PlatformUI.java:171)
	at org.eclipse.ui.internal.ide.application.IDEApplication.start(IDEApplication.java:152)
	at org.eclipse.equinox.internal.app.EclipseAppHandle.run(EclipseAppHandle.java:203)
	at org.eclipse.core.runtime.internal.adaptor.EclipseAppLauncher.runApplication(EclipseAppLauncher.java:136)
	at org.eclipse.core.runtime.internal.adaptor.EclipseAppLauncher.start(EclipseAppLauncher.java:104)
	at org.eclipse.core.runtime.adaptor.EclipseStarter.run(EclipseStarter.java:402)
	at org.eclipse.core.runtime.adaptor.EclipseStarter.run(EclipseStarter.java:255)
	at java.base/jdk.internal.reflect.NativeMethodAccessorImpl.invoke0(Native Method)
	at java.base/jdk.internal.reflect.NativeMethodAccessorImpl.invoke(NativeMethodAccessorImpl.java:77)
	at java.base/jdk.internal.reflect.DelegatingMethodAccessorImpl.invoke(DelegatingMethodAccessorImpl.java:43)
	at java.base/java.lang.reflect.Method.invoke(Method.java:568)
	at org.eclipse.equinox.launcher.Main.invokeFramework(Main.java:651)
	at org.eclipse.equinox.launcher.Main.basicRun(Main.java:588)
	at org.eclipse.equinox.launcher.Main.run(Main.java:1459)
2023-12-27 23:58:42,100 [Worker-8: Loading available Gradle versions] INFO  o.e.b.c.i.u.g.PublishedGradleVersions - Gradle version information cache is out-of-date. Trying to update.
2023-12-30 13:21:14,243 [Worker-10: Loading available Gradle versions] INFO  o.e.b.c.i.u.g.PublishedGradleVersions - Gradle version information cache is out-of-date. Trying to update.
2023-12-31 12:55:04,787 [Worker-8: Loading available Gradle versions] INFO  o.e.b.c.i.u.g.PublishedGradleVersions - Gradle version information cache is up-to-date. Trying to read.
2024-01-15 10:55:50,215 [Worker-5: Loading available Gradle versions] INFO  o.e.b.c.i.u.g.PublishedGradleVersions - Gradle version information cache is out-of-date. Trying to update.
2024-01-22 18:46:35,552 [Worker-10: Loading available Gradle versions] INFO  o.e.b.c.i.u.g.PublishedGradleVersions - Gradle version information cache is out-of-date. Trying to update.
2024-01-22 18:48:57,932 [Worker-5: Loading available Gradle versions] INFO  o.e.b.c.i.u.g.PublishedGradleVersions - Gradle version information cache is up-to-date. Trying to read.
2024-01-28 20:49:50,851 [Worker-4: Loading available Gradle versions] INFO  o.e.b.c.i.u.g.PublishedGradleVersions - Gradle version information cache is out-of-date. Trying to update.
2024-01-29 13:58:06,858 [Worker-11: Loading available Gradle versions] INFO  o.e.b.c.i.u.g.PublishedGradleVersions - Gradle version information cache is up-to-date. Trying to read.
